c:\users\wallu\desktop\blankwindow\release\texturemap.cso
c:\users\wallu\desktop\blankwindow\release\blankwindow.ipdb
c:\users\wallu\desktop\blankwindow\release\blankwindow.iobj
c:\users\wallu\desktop\blankwindow\blankwindow\release\vc141.pdb
c:\users\wallu\desktop\blankwindow\blankwindow\release\tokenstream.obj
c:\users\wallu\desktop\blankwindow\blankwindow\release\objloader.obj
c:\users\wallu\desktop\blankwindow\blankwindow\release\main.obj
c:\users\wallu\desktop\blankwindow\blankwindow\release\dx11base.obj
c:\users\wallu\desktop\blankwindow\blankwindow\release\base.obj
c:\users\wallu\desktop\blankwindow\release\blankwindow.exe
c:\users\wallu\desktop\blankwindow\release\blankwindow.pdb
c:\users\wallu\desktop\blankwindow\blankwindow\release\blankwindow.tlog\blankwindow.write.1u.tlog
c:\users\wallu\desktop\blankwindow\blankwindow\release\blankwindow.tlog\cl.command.1.tlog
c:\users\wallu\desktop\blankwindow\blankwindow\release\blankwindow.tlog\cl.read.1.tlog
c:\users\wallu\desktop\blankwindow\blankwindow\release\blankwindow.tlog\cl.write.1.tlog
c:\users\wallu\desktop\blankwindow\blankwindow\release\blankwindow.tlog\fxc.command.1.tlog
c:\users\wallu\desktop\blankwindow\blankwindow\release\blankwindow.tlog\fxc.read.1.tlog
c:\users\wallu\desktop\blankwindow\blankwindow\release\blankwindow.tlog\fxc.write.1.tlog
c:\users\wallu\desktop\blankwindow\blankwindow\release\blankwindow.tlog\link.command.1.tlog
c:\users\wallu\desktop\blankwindow\blankwindow\release\blankwindow.tlog\link.read.1.tlog
c:\users\wallu\desktop\blankwindow\blankwindow\release\blankwindow.tlog\link.write.1.tlog
